<?xml version="1.0" encoding="UTF-8"?>
<!-- Generated by org.testng.reporters.JUnitReportReporter -->
<testsuite hostname="DESKTOP-GJSAEHS" failures="0" tests="4" name="TestNG.ParallelTestExcecution" time="0.015" errors="0" timestamp="2022-09-15T15:38:08 IST" skipped="0">
  <testcase classname="TestNG.ParallelTestExcecution" name="test4" time="0.001"/>
  <system-out/>
  <testcase classname="TestNG.ParallelTestExcecution" name="test2" time="0.001"/>
  <system-out/>
  <testcase classname="TestNG.ParallelTestExcecution" name="test3" time="0.002"/>
  <system-out/>
  <testcase classname="TestNG.ParallelTestExcecution" name="test1" time="0.011"/>
  <system-out/>
</testsuite> <!-- TestNG.ParallelTestExcecution -->
