<?xml version="1.0" encoding="UTF-8"?>
<!-- Generated by org.testng.reporters.JUnitReportReporter -->
<testsuite hostname="DESKTOP-GJSAEHS" failures="0" tests="3" name="TestNG.ParalellTestNG" time="0.023" errors="0" timestamp="2022-09-15T16:28:06 IST" skipped="0">
  <testcase classname="TestNG.ParalellTestNG" name="test1" time="0.013"/>
  <system-out/>
  <testcase classname="TestNG.ParalellTestNG" name="test2" time="0.003"/>
  <system-out/>
  <testcase classname="TestNG.ParalellTestNG" name="test3" time="0.007"/>
  <system-out/>
</testsuite> <!-- TestNG.ParalellTestNG -->
