<?xml version="1.0" encoding="UTF-8"?>
<!-- Generated by org.testng.reporters.JUnitReportReporter -->
<testsuite hostname="DESKTOP-GJSAEHS" failures="0" tests="5" name="org.sdet40.practice.TestNGdataProvider" time="0.012" errors="0" timestamp="2022-09-15T16:04:41 IST" skipped="0">
  <testcase classname="org.sdet40.practice.TestNGdataProvider" name="bookticket" time="0.006"/>
  <system-out/>
  <testcase classname="org.sdet40.practice.TestNGdataProvider" name="bookticket" time="0.003"/>
  <system-out/>
  <testcase classname="org.sdet40.practice.TestNGdataProvider" name="bookticket" time="0.001"/>
  <system-out/>
  <testcase classname="org.sdet40.practice.TestNGdataProvider" name="bookticket" time="0.001"/>
  <system-out/>
  <testcase classname="org.sdet40.practice.TestNGdataProvider" name="bookticket" time="0.001"/>
  <system-out/>
</testsuite> <!-- org.sdet40.practice.TestNGdataProvider -->
