<?xml version="1.0" encoding="UTF-8"?>
<!-- Generated by org.testng.reporters.JUnitReportReporter -->
<testsuite hostname="DESKTOP-GJSAEHS" failures="0" tests="7" name="org.sdet40.practice.TestNGPracticeTest" time="0.019" errors="0" timestamp="2022-09-13T12:04:07 IST" skipped="0">
  <testcase classname="org.sdet40.practice.TestNGPracticeTest" name="modifyCustomerTest" time="0.009"/>
  <system-out/>
  <testcase classname="org.sdet40.practice.TestNGPracticeTest" name="sendAmount" time="0.001"/>
  <system-out/>
  <testcase classname="org.sdet40.practice.TestNGPracticeTest" name="sendAmount" time="0.001"/>
  <system-out/>
  <testcase classname="org.sdet40.practice.TestNGPracticeTest" name="sendAmount" time="0.001"/>
  <system-out/>
  <testcase classname="org.sdet40.practice.TestNGPracticeTest" name="sendAmount" time="0.002"/>
  <system-out/>
  <testcase classname="org.sdet40.practice.TestNGPracticeTest" name="deleteCustomerTest" time="0.002"/>
  <system-out/>
  <testcase classname="org.sdet40.practice.TestNGPracticeTest" name="createCustomerTest" time="0.003"/>
  <system-out/>
</testsuite> <!-- org.sdet40.practice.TestNGPracticeTest -->
